<?xml version="1.0" encoding="UTF-8"?>
<!-- Generated by org.testng.reporters.JUnitReportReporter -->
<testsuite skipped="0" hostname="LAPTOP-12QPG602" name="testngpractise.TestClass3" tests="1" failures="0" timestamp="30 Apr 2021 07:41:52 GMT" time="0.000" errors="0">
  <testcase name="testcase31" time="0.000" classname="testngpractise.TestClass3"/>
</testsuite> <!-- testngpractise.TestClass3 -->
