<?xml version="1.0" encoding="UTF-8"?>
<!-- Generated by org.testng.reporters.JUnitReportReporter -->
<testsuite skipped="0" hostname="LAPTOP-12QPG602" name="testngpractise.GroupingOfTestCases2" tests="2" failures="0" timestamp="03 May 2021 03:57:23 GMT" time="0.007" errors="0">
  <testcase name="testCase3" time="0.004" classname="testngpractise.GroupingOfTestCases2"/>
  <testcase name="testCase2" time="0.003" classname="testngpractise.GroupingOfTestCases2"/>
</testsuite> <!-- testngpractise.GroupingOfTestCases2 -->
