<?xml version="1.0" encoding="UTF-8"?>
<!-- Generated by org.testng.reporters.JUnitReportReporter -->
<testsuite skipped="0" hostname="LAPTOP-12QPG602" name="testngpractise.ParameteInTestNG" tests="2" failures="0" timestamp="03 May 2021 05:27:44 GMT" time="0.028" errors="0">
  <testcase name="testCase1" time="0.024" classname="testngpractise.ParameteInTestNG"/>
  <testcase name="testCase1" time="0.004" classname="testngpractise.ParameteInTestNG"/>
</testsuite> <!-- testngpractise.ParameteInTestNG -->
