<?xml version="1.0" encoding="UTF-8"?>
<!-- Generated by org.testng.reporters.JUnitReportReporter -->
<testsuite skipped="0" hostname="LAPTOP-12QPG602" name="testngpractise.ParallelExecutionClasses1" tests="2" failures="0" timestamp="03 May 2021 04:54:20 GMT" time="0.031" errors="0">
  <testcase name="testCase1" time="0.029" classname="testngpractise.ParallelExecutionClasses1"/>
  <testcase name="testCase2" time="0.002" classname="testngpractise.ParallelExecutionClasses1"/>
</testsuite> <!-- testngpractise.ParallelExecutionClasses1 -->
