<?xml version="1.0" encoding="UTF-8"?>
<!-- Generated by org.testng.reporters.JUnitReportReporter -->
<testsuite skipped="0" hostname="LAPTOP-12QPG602" name="testngpractise.ParallelExecution" tests="3" failures="0" timestamp="10 May 2021 07:12:12 GMT" time="0.130" errors="0">
  <testcase name="testCase3" time="0.046" classname="testngpractise.ParallelExecution"/>
  <testcase name="testCase1" time="0.042" classname="testngpractise.ParallelExecution"/>
  <testcase name="testCase2" time="0.042" classname="testngpractise.ParallelExecution"/>
</testsuite> <!-- testngpractise.ParallelExecution -->
