<?xml version="1.0" encoding="UTF-8"?>
<!-- Generated by org.testng.reporters.JUnitReportReporter -->
<testsuite skipped="0" hostname="LAPTOP-12QPG602" name="testNGWork.ParallelExcutionClass1" tests="2" failures="0" timestamp="03 May 2021 14:49:30 GMT" time="0.046" errors="0">
  <testcase name="testCase1" time="0.039" classname="testNGWork.ParallelExcutionClass1"/>
  <testcase name="testCase2" time="0.007" classname="testNGWork.ParallelExcutionClass1"/>
</testsuite> <!-- testNGWork.ParallelExcutionClass1 -->
