<?xml version="1.0" encoding="UTF-8"?>
<!-- Generated by org.testng.reporters.JUnitReportReporter -->
<testsuite skipped="0" hostname="LAPTOP-12QPG602" name="testngpractise.DependsOnMethod2" tests="1" failures="0" timestamp="01 May 2021 02:24:48 GMT" time="0.001" errors="0">
  <testcase name="testcase3" time="0.001" classname="testngpractise.DependsOnMethod2"/>
</testsuite> <!-- testngpractise.DependsOnMethod2 -->
