<?xml version="1.0" encoding="UTF-8"?>
<!-- Generated by org.testng.reporters.JUnitReportReporter -->
<testsuite skipped="0" hostname="LAPTOP-12QPG602" name="pomtest.LoginTest" tests="1" failures="0" timestamp="05 May 2021 12:03:46 GMT" time="6.116" errors="0">
  <testcase name="login" time="6.116" classname="pomtest.LoginTest"/>
</testsuite> <!-- pomtest.LoginTest -->
