<?xml version="1.0" encoding="UTF-8"?>
<!-- Generated by org.testng.reporters.JUnitReportReporter -->
<testsuite skipped="0" hostname="LAPTOP-12QPG602" name="testngpractise.DependsOnMethod" tests="2" failures="0" timestamp="01 May 2021 02:24:48 GMT" time="0.059" errors="0">
  <testcase name="testcase1" time="0.056" classname="testngpractise.DependsOnMethod"/>
  <testcase name="testcase2" time="0.003" classname="testngpractise.DependsOnMethod"/>
</testsuite> <!-- testngpractise.DependsOnMethod -->
