<?xml version="1.0" encoding="UTF-8"?>
<!-- Generated by org.testng.reporters.JUnitReportReporter -->
<testsuite skipped="0" hostname="LAPTOP-12QPG602" name="testNGWork.ParallelExecution" tests="2" failures="0" timestamp="03 May 2021 14:35:18 GMT" time="0.080" errors="0">
  <testcase name="testCase2" time="0.040" classname="testNGWork.ParallelExecution"/>
  <testcase name="testCase1" time="0.040" classname="testNGWork.ParallelExecution"/>
</testsuite> <!-- testNGWork.ParallelExecution -->
