<?xml version="1.0" encoding="UTF-8"?>
<!-- Generated by org.testng.reporters.JUnitReportReporter -->
<testsuite skipped="0" hostname="LAPTOP-12QPG602" name="testNGWork.ParallelExcutionClass2" tests="2" failures="0" timestamp="03 May 2021 14:49:30 GMT" time="0.042" errors="0">
  <testcase name="testCase3" time="0.039" classname="testNGWork.ParallelExcutionClass2"/>
  <testcase name="testCase4" time="0.003" classname="testNGWork.ParallelExcutionClass2"/>
</testsuite> <!-- testNGWork.ParallelExcutionClass2 -->
