<?xml version="1.0" encoding="UTF-8"?>
<!-- Generated by org.testng.reporters.JUnitReportReporter -->
<testsuite skipped="0" hostname="LAPTOP-12QPG602" name="testngpractise.AssertionInvalidTest" tests="2" failures="0" timestamp="01 May 2021 10:57:42 GMT" time="2.090" errors="0">
  <testcase name="testcase2" time="0.002" classname="testngpractise.AssertionInvalidTest"/>
  <testcase name="tescase1" time="2.088" classname="testngpractise.AssertionInvalidTest"/>
</testsuite> <!-- testngpractise.AssertionInvalidTest -->
