<?xml version="1.0" encoding="UTF-8"?>
<!-- Generated by org.testng.reporters.JUnitReportReporter -->
<testsuite skipped="0" hostname="LAPTOP-12QPG602" name="testngpractise.InclusionAndExclusionOfMethods" tests="2" failures="0" timestamp="01 May 2021 08:12:19 GMT" time="0.040" errors="0">
  <testcase name="testCase2" time="0.040" classname="testngpractise.InclusionAndExclusionOfMethods"/>
  <testcase name="testCase1" time="0.000" classname="testngpractise.InclusionAndExclusionOfMethods"/>
</testsuite> <!-- testngpractise.InclusionAndExclusionOfMethods -->
