<?xml version="1.0" encoding="UTF-8"?>
<!-- Generated by org.testng.reporters.JUnitReportReporter -->
<testsuite skipped="0" hostname="LAPTOP-12QPG602" name="testngpractise.ParallelExecutionClasses3" tests="2" failures="0" timestamp="03 May 2021 04:54:20 GMT" time="0.031" errors="0">
  <testcase name="testCase6" time="0.003" classname="testngpractise.ParallelExecutionClasses3"/>
  <testcase name="testCase5" time="0.028" classname="testngpractise.ParallelExecutionClasses3"/>
</testsuite> <!-- testngpractise.ParallelExecutionClasses3 -->
